[2024-01-17T10:40:31.966Z] GET /blog
[2024-01-17T10:41:16.822Z] POST /api/auth/user/register
[2024-01-17T10:41:25.260Z] GET /api/auth/user/verify/eyJhbGciOiJIUzI1NiIsInR5cCI6IkpXVCJ9.eyJpZCI6IjY1YTdhZWNkODg4NzU0MWFlZjY3ZGI0MyIsInVzZXJuYW1lIjoicHJhc2lkIHBvdWRsIHNoYXJtYSIsImlhdCI6MTcwNTQ4ODA3NywiZXhwIjoxNzA1NTc0NDc3fQ.RZVkbVCX37GO3isJ-CEVo64eYjD-gU4ky6kLppPnWww
[2024-01-17T10:41:40.008Z] POST /api/auth/user/register
[2024-01-17T10:41:50.865Z] POST /api/auth/user/login
[2024-01-17T10:41:57.713Z] GET /blog
[2024-01-17T10:42:23.383Z] GET /blog/blogs
[2024-01-17T10:42:51.365Z] POST /api/auth/user/logout
[2024-01-17T10:42:58.280Z] GET /blog/blogs
[2024-01-17T10:43:56.935Z] POST /api/auth/user/login
[2024-01-17T10:44:12.689Z] GET /blog/blog
[2024-01-17T10:44:41.881Z] GET /blog/blog
[2024-01-17T10:45:40.309Z] GET /blog/blog
[2024-01-17T10:46:03.358Z] GET /blog/blog
[2024-01-17T10:49:16.479Z] GET /blog/blog
[2024-01-17T10:50:01.817Z] GET /blog/blog
[2024-01-17T10:50:49.078Z] POST /api/auth/user/register
[2024-01-17T10:51:26.671Z] POST /api/auth/user/register
[2024-01-17T10:51:49.309Z] POST /api/auth/user/logout
[2024-01-17T10:52:01.526Z] POST /api/auth/user/login
[2024-01-17T10:52:45.801Z] GET /blog/blog
[2024-01-17T10:54:15.125Z] GET /blog/blog
[2024-01-17T10:55:40.347Z] GET /blog/blog
[2024-01-17T10:56:03.589Z] GET /blog/blog
[2024-01-17T10:56:18.754Z] GET /blog/blog
[2024-01-17T11:08:44.697Z] GET /blog/blog
[2024-01-17T11:09:00.437Z] GET /blog/blog
[2024-01-17T11:09:28.685Z] POST /api/auth/user/logout
[2024-01-17T11:09:35.817Z] POST /api/auth/user/login
[2024-01-17T11:09:40.857Z] GET /blog/blog
[2024-01-17T11:10:59.345Z] GET /blog/blog
[2024-01-17T11:17:12.241Z] GET /blog/blog
[2024-01-17T11:22:19.142Z] GET /blog/blog
[2024-01-17T11:22:40.654Z] GET /blog/blog
[2024-01-17T11:24:18.314Z] GET /blog/blog
[2024-01-17T11:24:37.307Z] GET /blog/blog
[2024-01-17T11:24:39.847Z] GET /blog/blog
[2024-01-17T11:25:01.961Z] GET /blog/blog
[2024-01-17T11:25:38.851Z] POST /api/auth/user/login
[2024-01-17T11:25:43.849Z] GET /blog/blog
[2024-01-17T11:26:40.469Z] GET /blog/blog
[2024-01-17T11:26:42.691Z] GET /blog/blog
[2024-01-17T11:29:08.711Z] GET /blog/blog
[2024-01-17T11:36:19.266Z] GET /blog/blog
[2024-01-17T11:36:19.450Z] GET /admin-profile
[2024-01-17T11:37:11.334Z] GET /blog/blog
[2024-01-17T11:37:11.487Z] GET /users/admin-profile
[2024-01-17T11:37:49.666Z] GET /blog/blog
[2024-01-17T11:37:51.680Z] GET /users/admin-profile
[2024-01-17T11:38:34.537Z] GET /blog/blog
[2024-01-17T11:38:34.702Z] GET /users/admin-profile
[2024-01-17T11:39:39.770Z] GET /blog/blog
[2024-01-17T11:39:39.939Z] GET /users/admin-profile
[2024-01-17T11:40:27.061Z] POST /api/auth/user/register
[2024-01-17T11:40:46.987Z] POST /api/auth/user/register
[2024-01-17T11:41:05.779Z] POST /api/auth/user/register
[2024-01-17T11:41:44.698Z] POST /api/auth/user/register
[2024-01-17T11:42:16.690Z] POST /api/auth/user/register
[2024-01-17T11:42:39.189Z] POST /api/auth/user/register
[2024-01-17T11:42:53.309Z] POST /api/auth/user/logout
[2024-01-17T11:42:58.210Z] POST /api/auth/user/register
[2024-01-17T11:46:22.141Z] POST /api/auth/user/register
[2024-01-17T11:47:28.481Z] POST /api/auth/user/register
[2024-01-17T11:47:43.486Z] POST /api/auth/user/register
[2024-01-17T11:49:54.168Z] POST /api/auth/user/register
[2024-01-17T11:50:49.290Z] POST /api/auth/user/register
[2024-01-17T11:56:00.779Z] POST /api/auth/user/register
[2024-01-17T11:56:42.509Z] POST /api/auth/user/register
[2024-01-17T11:56:52.363Z] GET /api/auth/user/verify/eyJhbGciOiJIUzI1NiIsInR5cCI6IkpXVCJ9.eyJpZCI6IjY1YTdjMDdhMTE0ODNhNjJmYWNkMTVlYyIsInVzZXJuYW1lIjoicGFzcyIsImlhdCI6MTcwNTQ5MjYwMiwiZXhwIjoxNzA1NTc5MDAyfQ.ipEpg53gXoWa1tOWognOpsYbyEAA5j6P37wGW9jH7sg
[2024-01-17T11:57:10.270Z] POST /api/auth/user/register
[2024-01-17T11:57:20.638Z] POST /api/auth/user/login
[2024-01-17T11:57:26.623Z] GET /blog/blog
[2024-01-17T11:57:26.730Z] GET /users/profile
[2024-01-17T11:58:06.545Z] POST /api/auth/user/login
[2024-01-17T11:58:19.835Z] POST /api/auth/user/logout
[2024-01-17T11:58:55.481Z] POST /api/auth/user/logout
[2024-01-17T11:59:04.414Z] POST /api/auth/user/register
[2024-01-18T10:25:54.499Z] POST /api/auth/user/register
[2024-01-18T10:26:28.447Z] POST /api/auth/user/register
[2024-01-18T10:26:56.555Z] POST /api/auth/user/register
[2024-01-18T10:27:40.414Z] POST /api/auth/user/register
[2024-01-18T10:34:51.080Z] POST /api/auth/user/register
[2024-01-18T10:41:00.301Z] POST /api/auth/user/register
[2024-01-18T10:41:09.341Z] GET /api/auth/user/verify/eyJhbGciOiJIUzI1NiIsInR5cCI6IkpXVCJ9.eyJpZCI6IjY1YTkwMDNjZDdkOWRhNmFiNGZlZjdmNSIsInVzZXJuYW1lIjoicGFzYWFzIiwiaWF0IjoxNzA1NTc0NDYwLCJleHAiOjE3MDU2NjA4NjB9.c1qJLAJFkoXFKOzuuAVRC2CnXPPiMigpPUk8Gea32bU
[2024-01-18T10:41:09.941Z] GET /favicon.ico
[2024-01-18T10:41:20.579Z] POST /api/auth/user/register
[2024-01-18T10:41:39.982Z] GET /api/auth/user/verify/eyJhbGciOiJIUzI1NiIsInR5cCI6IkpXVCJ9.eyJpZCI6IjY1YTkwMDUwZDdkOWRhNmFiNGZlZjdmYSIsInVzZXJuYW1lIjoicGFzYWFhcyIsImlhdCI6MTcwNTU3NDQ4MCwiZXhwIjoxNzA1NjYwODgwfQ.IUZBfSSWenxxiqwAwwddHpoWsCUM3WE8F_EfNa1-iaw
[2024-01-18T10:42:01.624Z] POST /api/auth/user/login
[2024-01-18T10:42:16.181Z] GET /blog/blog
[2024-01-18T10:42:16.278Z] GET /users/profile
[2024-01-18T10:46:40.498Z] GET /blog/blog-posts
[2024-01-18T10:47:58.814Z] POST /blog/blog-posts
[2024-01-18T10:48:21.059Z] POST /blog/blog-posts
[2024-01-18T10:54:40.936Z] POST /blog/blog-posts
[2024-01-18T10:57:27.476Z] POST /blog/blog-posts
[2024-01-18T10:57:48.940Z] POST /api/auth/user/login
[2024-01-18T10:57:54.979Z] POST /blog/blog-posts
[2024-01-18T10:59:39.667Z] POST /blog/blog-posts
[2024-01-18T11:02:25.382Z] POST /blog/blog-posts
[2024-01-18T11:03:21.829Z] GET /blog/blog-posts
